<?xml version="1.0" encoding="UTF-8"?>
<!-- Generated by org.testng.reporters.JUnitXMLReporter -->
<testsuite ignored="0" hostname="LAPTOP-JFC85LP8" failures="0" tests="9" name="Surefire test" time="70.899" errors="0" timestamp="2026-05-20T19:48:44 GST">
  <testcase classname="tests.BannerTests" name="verifyAppDownloadSectionExists" time="0.179"/>
  <testcase classname="tests.BannerTests" name="verifyMarketingBannersAreDisplayed" time="0.077"/>
  <testcase classname="tests.BannerTests" name="verifyWhyMultiBankPageLoads" time="7.38"/>
  <testcase classname="tests.BrokenLinkTests" name="verifyNavigationLinksAreNotBroken" time="2.227"/>
  <testcase classname="tests.InvalidRouteTests" name="verifyInvalidRouteHandling" time="3.815"/>
  <testcase classname="tests.NavigationTests" name="verifyHomePageLoadsSuccessfully" time="0.009"/>
  <testcase classname="tests.TradingTests" name="verifySpotTradingSectionDisplaysTradingPairs" time="0.028"/>
  <testcase classname="tests.TradingTests" name="verifyTradingCategoriesAreVisible" time="0.025"/>
  <testcase classname="tests.TradingTests" name="verifyTradingDataFieldsExist" time="0.019"/>
</testsuite> <!-- Surefire test -->
