<?xml version="1.0" encoding="UTF-8"?>
<!-- Generated by org.testng.reporters.JUnitXMLReporter -->
<testsuite ignored="0" hostname="LAPTOP-JFC85LP8" failures="0" tests="3" name="Default test" time="22.962" errors="0" timestamp="2026-05-20T18:58:39 GST">
  <testcase classname="tests.BannerTests" name="verifyAppDownloadSectionExists" time="0.112"/>
  <testcase classname="tests.BannerTests" name="verifyMarketingBannersAreDisplayed" time="0.037"/>
  <testcase classname="tests.BannerTests" name="verifyWhyMultiBankPageLoads" time="6.874"/>
</testsuite> <!-- Default test -->
