<?xml version="1.0" encoding="UTF-8"?>
<!-- Generated by org.testng.reporters.JUnitXMLReporter -->
<testsuite ignored="0" hostname="LAPTOP-JFC85LP8" failures="0" tests="3" name="Default test" time="18.695" errors="0" timestamp="2026-05-20T18:48:23 GST">
  <testcase classname="tests.TradingTests" name="verifySpotTradingSectionDisplaysTradingPairs" time="0.068"/>
  <testcase classname="tests.TradingTests" name="verifyTradingCategoriesAreVisible" time="0.034"/>
  <testcase classname="tests.TradingTests" name="verifyTradingDataFieldsExist" time="0.022"/>
</testsuite> <!-- Default test -->
