<?xml version="1.0" encoding="UTF-8"?>
<testng-results ignored="0" total="9" passed="9" failed="0" skipped="0">
  <reporter-output>
  </reporter-output>
  <suite started-at="2026-05-20T19:47:34 GST" name="Surefire suite" finished-at="2026-05-20T19:48:44 GST" duration-ms="70899">
    <groups>
    </groups>
    <test started-at="2026-05-20T19:47:34 GST" name="Surefire test" finished-at="2026-05-20T19:48:44 GST" duration-ms="70899">
      <class name="tests.InvalidRouteTests">
        <test-method is-config="true" signature="setup()[pri:0, instance:tests.InvalidRouteTests@4b168fa9]" started-at="2026-05-20T19:48:09 GST" name="setup" finished-at="2026-05-20T19:48:14 GST" duration-ms="4809" status="PASS">
          <reporter-output>
          </reporter-output>
        </test-method> <!-- setup -->
        <test-method signature="verifyInvalidRouteHandling()[pri:0, instance:tests.InvalidRouteTests@4b168fa9]" started-at="2026-05-20T19:48:14 GST" name="verifyInvalidRouteHandling" finished-at="2026-05-20T19:48:18 GST" duration-ms="3815" status="PASS">
          <reporter-output>
          </reporter-output>
        </test-method> <!-- verifyInvalidRouteHandling -->
        <test-method is-config="true" signature="tearDown()[pri:0, instance:tests.InvalidRouteTests@4b168fa9]" started-at="2026-05-20T19:48:18 GST" name="tearDown" finished-at="2026-05-20T19:48:18 GST" duration-ms="329" status="PASS">
          <reporter-output>
          </reporter-output>
        </test-method> <!-- tearDown -->
      </class> <!-- tests.InvalidRouteTests -->
      <class name="tests.BannerTests">
        <test-method is-config="true" signature="setup()[pri:0, instance:tests.BannerTests@3ee0fea4]" started-at="2026-05-20T19:47:34 GST" name="setup" finished-at="2026-05-20T19:47:41 GST" duration-ms="7153" status="PASS">
          <reporter-output>
          </reporter-output>
        </test-method> <!-- setup -->
        <test-method signature="verifyAppDownloadSectionExists()[pri:0, instance:tests.BannerTests@3ee0fea4]" started-at="2026-05-20T19:47:41 GST" name="verifyAppDownloadSectionExists" finished-at="2026-05-20T19:47:41 GST" duration-ms="179" status="PASS">
          <reporter-output>
          </reporter-output>
        </test-method> <!-- verifyAppDownloadSectionExists -->
        <test-method is-config="true" signature="tearDown()[pri:0, instance:tests.BannerTests@3ee0fea4]" started-at="2026-05-20T19:47:41 GST" name="tearDown" finished-at="2026-05-20T19:47:41 GST" duration-ms="514" status="PASS">
          <reporter-output>
          </reporter-output>
        </test-method> <!-- tearDown -->
        <test-method is-config="true" signature="setup()[pri:0, instance:tests.BannerTests@3ee0fea4]" started-at="2026-05-20T19:47:41 GST" name="setup" finished-at="2026-05-20T19:47:46 GST" duration-ms="5035" status="PASS">
          <reporter-output>
          </reporter-output>
        </test-method> <!-- setup -->
        <test-method signature="verifyMarketingBannersAreDisplayed()[pri:0, instance:tests.BannerTests@3ee0fea4]" started-at="2026-05-20T19:47:46 GST" name="verifyMarketingBannersAreDisplayed" finished-at="2026-05-20T19:47:47 GST" duration-ms="77" status="PASS">
          <reporter-output>
          </reporter-output>
        </test-method> <!-- verifyMarketingBannersAreDisplayed -->
        <test-method is-config="true" signature="tearDown()[pri:0, instance:tests.BannerTests@3ee0fea4]" started-at="2026-05-20T19:47:47 GST" name="tearDown" finished-at="2026-05-20T19:47:47 GST" duration-ms="533" status="PASS">
          <reporter-output>
          </reporter-output>
        </test-method> <!-- tearDown -->
        <test-method is-config="true" signature="setup()[pri:0, instance:tests.BannerTests@3ee0fea4]" started-at="2026-05-20T19:47:47 GST" name="setup" finished-at="2026-05-20T19:47:52 GST" duration-ms="5346" status="PASS">
          <reporter-output>
          </reporter-output>
        </test-method> <!-- setup -->
        <test-method signature="verifyWhyMultiBankPageLoads()[pri:0, instance:tests.BannerTests@3ee0fea4]" started-at="2026-05-20T19:47:52 GST" name="verifyWhyMultiBankPageLoads" finished-at="2026-05-20T19:48:00 GST" duration-ms="7380" status="PASS">
          <reporter-output>
          </reporter-output>
        </test-method> <!-- verifyWhyMultiBankPageLoads -->
        <test-method is-config="true" signature="tearDown()[pri:0, instance:tests.BannerTests@3ee0fea4]" started-at="2026-05-20T19:48:00 GST" name="tearDown" finished-at="2026-05-20T19:48:00 GST" duration-ms="419" status="PASS">
          <reporter-output>
          </reporter-output>
        </test-method> <!-- tearDown -->
      </class> <!-- tests.BannerTests -->
      <class name="tests.NavigationTests">
        <test-method is-config="true" signature="setup()[pri:0, instance:tests.NavigationTests@1a84f40f]" started-at="2026-05-20T19:48:18 GST" name="setup" finished-at="2026-05-20T19:48:24 GST" duration-ms="5947" status="PASS">
          <reporter-output>
          </reporter-output>
        </test-method> <!-- setup -->
        <test-method signature="verifyHomePageLoadsSuccessfully()[pri:0, instance:tests.NavigationTests@1a84f40f]" started-at="2026-05-20T19:48:24 GST" name="verifyHomePageLoadsSuccessfully" finished-at="2026-05-20T19:48:24 GST" duration-ms="9" status="PASS">
          <reporter-output>
          </reporter-output>
        </test-method> <!-- verifyHomePageLoadsSuccessfully -->
        <test-method is-config="true" signature="tearDown()[pri:0, instance:tests.NavigationTests@1a84f40f]" started-at="2026-05-20T19:48:24 GST" name="tearDown" finished-at="2026-05-20T19:48:25 GST" duration-ms="735" status="PASS">
          <reporter-output>
          </reporter-output>
        </test-method> <!-- tearDown -->
      </class> <!-- tests.NavigationTests -->
      <class name="tests.TradingTests">
        <test-method is-config="true" signature="setup()[pri:0, instance:tests.TradingTests@23282c25]" started-at="2026-05-20T19:48:25 GST" name="setup" finished-at="2026-05-20T19:48:31 GST" duration-ms="5903" status="PASS">
          <reporter-output>
          </reporter-output>
        </test-method> <!-- setup -->
        <test-method signature="verifySpotTradingSectionDisplaysTradingPairs()[pri:0, instance:tests.TradingTests@23282c25]" started-at="2026-05-20T19:48:31 GST" name="verifySpotTradingSectionDisplaysTradingPairs" finished-at="2026-05-20T19:48:31 GST" duration-ms="28" status="PASS">
          <reporter-output>
          </reporter-output>
        </test-method> <!-- verifySpotTradingSectionDisplaysTradingPairs -->
        <test-method is-config="true" signature="tearDown()[pri:0, instance:tests.TradingTests@23282c25]" started-at="2026-05-20T19:48:31 GST" name="tearDown" finished-at="2026-05-20T19:48:32 GST" duration-ms="1106" status="PASS">
          <reporter-output>
          </reporter-output>
        </test-method> <!-- tearDown -->
        <test-method is-config="true" signature="setup()[pri:0, instance:tests.TradingTests@23282c25]" started-at="2026-05-20T19:48:32 GST" name="setup" finished-at="2026-05-20T19:48:37 GST" duration-ms="5220" status="PASS">
          <reporter-output>
          </reporter-output>
        </test-method> <!-- setup -->
        <test-method signature="verifyTradingCategoriesAreVisible()[pri:0, instance:tests.TradingTests@23282c25]" started-at="2026-05-20T19:48:37 GST" name="verifyTradingCategoriesAreVisible" finished-at="2026-05-20T19:48:37 GST" duration-ms="25" status="PASS">
          <reporter-output>
          </reporter-output>
        </test-method> <!-- verifyTradingCategoriesAreVisible -->
        <test-method is-config="true" signature="tearDown()[pri:0, instance:tests.TradingTests@23282c25]" started-at="2026-05-20T19:48:37 GST" name="tearDown" finished-at="2026-05-20T19:48:38 GST" duration-ms="939" status="PASS">
          <reporter-output>
          </reporter-output>
        </test-method> <!-- tearDown -->
        <test-method is-config="true" signature="setup()[pri:0, instance:tests.TradingTests@23282c25]" started-at="2026-05-20T19:48:38 GST" name="setup" finished-at="2026-05-20T19:48:43 GST" duration-ms="5121" status="PASS">
          <reporter-output>
          </reporter-output>
        </test-method> <!-- setup -->
        <test-method signature="verifyTradingDataFieldsExist()[pri:0, instance:tests.TradingTests@23282c25]" started-at="2026-05-20T19:48:43 GST" name="verifyTradingDataFieldsExist" finished-at="2026-05-20T19:48:43 GST" duration-ms="19" status="PASS">
          <reporter-output>
          </reporter-output>
        </test-method> <!-- verifyTradingDataFieldsExist -->
        <test-method is-config="true" signature="tearDown()[pri:0, instance:tests.TradingTests@23282c25]" started-at="2026-05-20T19:48:43 GST" name="tearDown" finished-at="2026-05-20T19:48:44 GST" duration-ms="971" status="PASS">
          <reporter-output>
          </reporter-output>
        </test-method> <!-- tearDown -->
      </class> <!-- tests.TradingTests -->
      <class name="tests.BrokenLinkTests">
        <test-method is-config="true" signature="setup()[pri:0, instance:tests.BrokenLinkTests@48524010]" started-at="2026-05-20T19:48:00 GST" name="setup" finished-at="2026-05-20T19:48:07 GST" duration-ms="6623" status="PASS">
          <reporter-output>
          </reporter-output>
        </test-method> <!-- setup -->
        <test-method signature="verifyNavigationLinksAreNotBroken()[pri:0, instance:tests.BrokenLinkTests@48524010]" started-at="2026-05-20T19:48:07 GST" name="verifyNavigationLinksAreNotBroken" finished-at="2026-05-20T19:48:09 GST" duration-ms="2227" status="PASS">
          <reporter-output>
          </reporter-output>
        </test-method> <!-- verifyNavigationLinksAreNotBroken -->
        <test-method is-config="true" signature="tearDown()[pri:0, instance:tests.BrokenLinkTests@48524010]" started-at="2026-05-20T19:48:09 GST" name="tearDown" finished-at="2026-05-20T19:48:09 GST" duration-ms="385" status="PASS">
          <reporter-output>
          </reporter-output>
        </test-method> <!-- tearDown -->
      </class> <!-- tests.BrokenLinkTests -->
    </test> <!-- Surefire test -->
  </suite> <!-- Surefire suite -->
</testng-results>
