<?xml version="1.0" encoding="UTF-8"?>
<testng-results ignored="0" total="1" passed="1" failed="0" skipped="0">
  <reporter-output>
  </reporter-output>
  <suite started-at="2026-05-20T18:34:32 GST" name="Default suite" finished-at="2026-05-20T18:34:39 GST" duration-ms="6768">
    <groups>
    </groups>
    <test started-at="2026-05-20T18:34:32 GST" name="Default test" finished-at="2026-05-20T18:34:39 GST" duration-ms="6768">
      <class name="tests.NavigationTests">
        <test-method is-config="true" signature="setup()[pri:0, instance:tests.NavigationTests@15c43bd9]" started-at="2026-05-20T18:34:32 GST" name="setup" finished-at="2026-05-20T18:34:38 GST" duration-ms="6320" status="PASS">
          <reporter-output>
          </reporter-output>
        </test-method> <!-- setup -->
        <test-method signature="verifyHomePageLoadsSuccessfully()[pri:0, instance:tests.NavigationTests@15c43bd9]" started-at="2026-05-20T18:34:38 GST" name="verifyHomePageLoadsSuccessfully" finished-at="2026-05-20T18:34:38 GST" duration-ms="64" status="PASS">
          <reporter-output>
          </reporter-output>
        </test-method> <!-- verifyHomePageLoadsSuccessfully -->
        <test-method is-config="true" signature="tearDown()[pri:0, instance:tests.NavigationTests@15c43bd9]" started-at="2026-05-20T18:34:38 GST" name="tearDown" finished-at="2026-05-20T18:34:39 GST" duration-ms="350" status="PASS">
          <reporter-output>
          </reporter-output>
        </test-method> <!-- tearDown -->
      </class> <!-- tests.NavigationTests -->
    </test> <!-- Default test -->
  </suite> <!-- Default suite -->
</testng-results>
