<?xml version="1.0" encoding="UTF-8"?>
<testng-results ignored="0" total="3" passed="3" failed="0" skipped="0">
  <reporter-output>
  </reporter-output>
  <suite started-at="2026-05-20T18:48:05 GST" name="Default suite" finished-at="2026-05-20T18:48:23 GST" duration-ms="18695">
    <groups>
    </groups>
    <test started-at="2026-05-20T18:48:05 GST" name="Default test" finished-at="2026-05-20T18:48:23 GST" duration-ms="18695">
      <class name="tests.TradingTests">
        <test-method is-config="true" signature="setup()[pri:0, instance:tests.TradingTests@4f209819]" started-at="2026-05-20T18:48:05 GST" name="setup" finished-at="2026-05-20T18:48:11 GST" duration-ms="6666" status="PASS">
          <reporter-output>
          </reporter-output>
        </test-method> <!-- setup -->
        <test-method signature="verifySpotTradingSectionDisplaysTradingPairs()[pri:0, instance:tests.TradingTests@4f209819]" started-at="2026-05-20T18:48:11 GST" name="verifySpotTradingSectionDisplaysTradingPairs" finished-at="2026-05-20T18:48:11 GST" duration-ms="68" status="PASS">
          <reporter-output>
          </reporter-output>
        </test-method> <!-- verifySpotTradingSectionDisplaysTradingPairs -->
        <test-method is-config="true" signature="tearDown()[pri:0, instance:tests.TradingTests@4f209819]" started-at="2026-05-20T18:48:11 GST" name="tearDown" finished-at="2026-05-20T18:48:12 GST" duration-ms="699" status="PASS">
          <reporter-output>
          </reporter-output>
        </test-method> <!-- tearDown -->
        <test-method is-config="true" signature="setup()[pri:0, instance:tests.TradingTests@4f209819]" started-at="2026-05-20T18:48:12 GST" name="setup" finished-at="2026-05-20T18:48:18 GST" duration-ms="5545" status="PASS">
          <reporter-output>
          </reporter-output>
        </test-method> <!-- setup -->
        <test-method signature="verifyTradingCategoriesAreVisible()[pri:0, instance:tests.TradingTests@4f209819]" started-at="2026-05-20T18:48:18 GST" name="verifyTradingCategoriesAreVisible" finished-at="2026-05-20T18:48:18 GST" duration-ms="34" status="PASS">
          <reporter-output>
          </reporter-output>
        </test-method> <!-- verifyTradingCategoriesAreVisible -->
        <test-method is-config="true" signature="tearDown()[pri:0, instance:tests.TradingTests@4f209819]" started-at="2026-05-20T18:48:18 GST" name="tearDown" finished-at="2026-05-20T18:48:18 GST" duration-ms="527" status="PASS">
          <reporter-output>
          </reporter-output>
        </test-method> <!-- tearDown -->
        <test-method is-config="true" signature="setup()[pri:0, instance:tests.TradingTests@4f209819]" started-at="2026-05-20T18:48:18 GST" name="setup" finished-at="2026-05-20T18:48:23 GST" duration-ms="4699" status="PASS">
          <reporter-output>
          </reporter-output>
        </test-method> <!-- setup -->
        <test-method signature="verifyTradingDataFieldsExist()[pri:0, instance:tests.TradingTests@4f209819]" started-at="2026-05-20T18:48:23 GST" name="verifyTradingDataFieldsExist" finished-at="2026-05-20T18:48:23 GST" duration-ms="22" status="PASS">
          <reporter-output>
          </reporter-output>
        </test-method> <!-- verifyTradingDataFieldsExist -->
        <test-method is-config="true" signature="tearDown()[pri:0, instance:tests.TradingTests@4f209819]" started-at="2026-05-20T18:48:23 GST" name="tearDown" finished-at="2026-05-20T18:48:23 GST" duration-ms="388" status="PASS">
          <reporter-output>
          </reporter-output>
        </test-method> <!-- tearDown -->
      </class> <!-- tests.TradingTests -->
    </test> <!-- Default test -->
  </suite> <!-- Default suite -->
</testng-results>
