<?xml version="1.0" encoding="UTF-8"?>
<!-- Generated by org.testng.reporters.JUnitReportReporter -->
<testsuite hostname="LAPTOP-JFC85LP8" failures="0" tests="3" name="tests.BannerTests" time="22.922" errors="0" timestamp="2026-05-20T18:58:39 GST" skipped="0">
  <testcase classname="tests.BannerTests" name="verifyAppDownloadSectionExists" time="5.790"/>
  <testcase classname="tests.BannerTests" name="verifyWhyMultiBankPageLoads" time="11.809"/>
  <testcase classname="tests.BannerTests" name="verifyMarketingBannersAreDisplayed" time="5.323"/>
</testsuite> <!-- tests.BannerTests -->
