<?xml version="1.0" encoding="UTF-8"?>
<!-- Generated by org.testng.reporters.JUnitReportReporter -->
<testsuite hostname="LAPTOP-JFC85LP8" failures="0" tests="3" name="tests.TradingTests" time="18.648" errors="0" timestamp="2026-05-20T18:48:23 GST" skipped="0">
  <testcase classname="tests.TradingTests" name="verifyTradingCategoriesAreVisible" time="7.399"/>
  <testcase classname="tests.TradingTests" name="verifySpotTradingSectionDisplaysTradingPairs" time="6.001"/>
  <testcase classname="tests.TradingTests" name="verifyTradingDataFieldsExist" time="5.248"/>
</testsuite> <!-- tests.TradingTests -->
