<?xml version="1.0" encoding="UTF-8"?>
<!-- Generated by org.testng.reporters.JUnitReportReporter -->
<testsuite hostname="LAPTOP-JFC85LP8" failures="0" tests="3" name="tests.TradingTests" time="19.332" errors="0" timestamp="2026-05-20T19:48:45 GST" skipped="0">
  <testcase classname="tests.TradingTests" name="verifySpotTradingSectionDisplaysTradingPairs" time="7.037"/>
  <testcase classname="tests.TradingTests" name="verifyTradingCategoriesAreVisible" time="6.184"/>
  <testcase classname="tests.TradingTests" name="verifyTradingDataFieldsExist" time="6.111"/>
</testsuite> <!-- tests.TradingTests -->
