<?xml version="1.0" encoding="UTF-8"?>
<!-- Generated by org.testng.reporters.JUnitReportReporter -->
<testsuite hostname="LAPTOP-JFC85LP8" failures="0" tests="3" name="tests.BannerTests" time="26.636" errors="0" timestamp="2026-05-20T19:48:45 GST" skipped="0">
  <testcase classname="tests.BannerTests" name="verifyWhyMultiBankPageLoads" time="12.948"/>
  <testcase classname="tests.BannerTests" name="verifyMarketingBannersAreDisplayed" time="7.744"/>
  <testcase classname="tests.BannerTests" name="verifyAppDownloadSectionExists" time="5.944"/>
</testsuite> <!-- tests.BannerTests -->
